Arguments: 
  C:\Program Files\nodejs\node.exe C:\Program Files\Yarn\bin\yarn.js add

PATH: 
  C:\Windows\system32;C:\Windows;C:\Windows\System32\Wbem;C:\Windows\System32\WindowsPowerShell\v1.0\;C:\Program Files\ATI Technologies\ATI.ACE\Core-Static;C:\Program Files\Skype\Phone\;C:\Program Files\dotnet\;C:\Program Files\Microsoft SQL Server\120\Tools\Binn\;C:\Program Files\Yarn\bin\;C:\Program Files\nodejs\;C:\Users\Лилия Аранович\AppData\Local\Yarn\bin;C:\Users\Лилия Аранович\AppData\Roaming\npm

Yarn version: 
  1.5.1

Node version: 
  8.9.4

Platform: 
  win32 ia32

npm manifest: 
  {
    "name": "js-test-task",
    "version": "1.0.0",
    "main": "index.js",
    "license": "MIT"
  }

yarn manifest: 
  No manifest

Lockfile: 
  No lockfile

Trace: 
  Error: Missing list of packages to add to your project.
      at new MessageError (C:\Program Files\Yarn\lib\cli.js:186:110)
      at Object.<anonymous> (C:\Program Files\Yarn\lib\cli.js:40587:13)
      at Generator.next (<anonymous>)
      at step (C:\Program Files\Yarn\lib\cli.js:98:30)
      at C:\Program Files\Yarn\lib\cli.js:116:14
      at new Promise (<anonymous>)
      at new F (C:\Program Files\Yarn\lib\cli.js:23451:28)
      at Object.<anonymous> (C:\Program Files\Yarn\lib\cli.js:95:12)
      at Object.run (C:\Program Files\Yarn\lib\cli.js:40599:19)
      at run (C:\Program Files\Yarn\lib\cli.js:89113:20)
